<?xml version="1.0" encoding="UTF-8" ?>
<testsuite errors="0" failures="0" hostname="ice-Founder-PC" name="org.ccnx.ccn.protocol.ContentObjectTest" tests="3" time="0.244" timestamp="2014-01-15T07:02:08">
  <properties>
[...]
</properties>
  <testcase classname="org.ccnx.ccn.protocol.ContentObjectTest" name="testDecodeInputStream" time="0.089" />
  <testcase classname="org.ccnx.ccn.protocol.ContentObjectTest" name="testImmutable" time="0.001" />
  <testcase classname="org.ccnx.ccn.protocol.ContentObjectTest" name="testDigest" time="0.003" />
  <system-out><![CDATA[Encoding ContentObjectKey(Text):
Encoded ContentObjectKey: 
<?xml version='1.0' encoding='UTF-8' standalone='yes' ?>
<ContentObject xmlns:ccn="http://www.parc.com/ccn">
  <Signature>
    <SignatureBits>BxYhprQHcwYb/pX7Q/Eoua/CuSLUbomYM2Ak2D4cvx3hhuYY5qej6damjEeBYB62o7GzwGyPFWSX6EnqK5Dk/w==</SignatureBits>
  </Signature>
  <Name>
    <Component>dGVzdA==</Component>
    <Component>c21ldHRlcnM=</Component>
    <Component>dGVzdDIudHh0</Component>
  </Name>
  <SignedInfo>
    <PublisherPublicKeyDigest>r92RT39VlMjRJJP0Sq/rzArrTp8Hf7CqSaxCsoZuC0U=</PublisherPublicKeyDigest>
    <Timestamp>2014-01-15T07:02:08.649902343Z</Timestamp>
    <Type>KEY/</Type>
    <KeyLocator>
      <Key>MFwwDQYJKoZIhvcNAQEBBQADSwAwSAJBAJkLdW2b+ZSMEMs/F7u1GmW1ZbTMw0R93r7NY50jpiZz7yAfSM+2mRddQEraO7TB0tu8zB9akg8hZEF6lfggFcsCAwEAAQ==</Key>
    </KeyLocator>
  </SignedInfo>
  <Content>AQIDBAUGBwgJCgsMDQ4PHxscHR4fLjxKXG1+Dw==</Content>
</ContentObject>
Decoding ContentObjectKey: 
Decoded ContentObjectKey: CObj: name=/test/smetters/test2.txt, digest=b2fa4e45e680a45f2ca17a210427317684a326897c374a9845111240957e7512, SI:si: type=KEY/si: timestamp=2014-01-15 15:02:08.649902343si: pub=r92RT39VlMjRJJP0Sq/rzArrTp8Hf7CqSaxCsoZuC0U=si: loc=KEY: r92RT39VlMjRJJP0Sq/rzArrTp8Hf7CqSaxCsoZuC0U= len=28, data==0102030405060708090A0B0C0D0E0F1F1B1C1D1E1F2E3C4A5C6D7E0F
Encoding ContentObjectKey(Binary):
Encoded ContentObjectKey: 
����!��s���C�(��¹"�n��3`$�>���槣�֦�G�`�����l�d��I�+�����test��smetters��test2.txt����ݑOU���$��J���
�N���I�B��nE��-c'
f(F?���0\0	*�H��K0HA�um���?��e�e���D}޾�c�#�&s� H϶�]@J�;���ۼ�Z�!dAz�� ���	
.<J\m~
Decoding ContentObjectKey: 
Decoded ContentObjectKey: CObj: name=/test/smetters/test2.txt, digest=b2fa4e45e680a45f2ca17a210427317684a326897c374a9845111240957e7512, SI:si: type=KEY/si: timestamp=2014-01-15 15:02:08.649902343si: pub=r92RT39VlMjRJJP0Sq/rzArrTp8Hf7CqSaxCsoZuC0U=si: loc=KEY: r92RT39VlMjRJJP0Sq/rzArrTp8Hf7CqSaxCsoZuC0U= len=28, data==0102030405060708090A0B0C0D0E0F1F1B1C1D1E1F2E3C4A5C6D7E0F
Encoding ContentObject(Text):
Encoded ContentObject: 
<?xml version='1.0' encoding='UTF-8' standalone='yes' ?>
<ContentObject xmlns:ccn="http://www.parc.com/ccn">
  <Signature>
    <SignatureBits>fOgCaMk/1htX9X72SN7RGHp54XTOCtAeGeunLDOERlZyzwi4LMHUZ1CzX6MMQqXpiVFbOnqDdZ4UeHgXY/DhPA==</SignatureBits>
  </Signature>
  <Name>
    <Component>dGVzdA==</Component>
    <Component>c21ldHRlcnM=</Component>
    <Component>dGVzdDIudHh0</Component>
  </Name>
  <SignedInfo>
    <PublisherPublicKeyDigest>r92RT39VlMjRJJP0Sq/rzArrTp8Hf7CqSaxCsoZuC0U=</PublisherPublicKeyDigest>
    <Timestamp>2014-01-15T07:02:08.649902343Z</Timestamp>
    <KeyLocator>
      <KeyName>
        <Name>
          <Component>dGVzdA==</Component>
          <Component>c21ldHRlcnM=</Component>
          <Component>a2V5</Component>
        </Name>
      </KeyName>
    </KeyLocator>
  </SignedInfo>
  <Content>AQIDBAUGBwgJCgsMDQ4PHxscHR4fLjxKXG1+Dw==</Content>
</ContentObject>
Decoding ContentObject: 
Decoded ContentObject: CObj: name=/test/smetters/test2.txt, digest=2912f7ea87c15e73d64296c4d61294c5d7531ba1fbd14235e1ad448b8ce7444d, SI:si: type=DATAsi: timestamp=2014-01-15 15:02:08.649902343si: pub=r92RT39VlMjRJJP0Sq/rzArrTp8Hf7CqSaxCsoZuC0U=si: loc=NAME: /test/smetters/key len=28, data==0102030405060708090A0B0C0D0E0F1F1B1C1D1E1F2E3C4A5C6D7E0F
Encoding ContentObject(Binary):
Encoded ContentObject: 
����|�h�?�W�~�H��zy�t�
��,3�FVr��,��gP�_�B��Q[:z�u�xxc��<��test��smetters��test2.txt����ݑOU���$��J���
�N���I�B��nE��-c'
f����test��smetters�key��	
.<J\m~
Decoding ContentObject: 
Decoded ContentObject: CObj: name=/test/smetters/test2.txt, digest=2912f7ea87c15e73d64296c4d61294c5d7531ba1fbd14235e1ad448b8ce7444d, SI:si: type=DATAsi: timestamp=2014-01-15 15:02:08.649902343si: pub=r92RT39VlMjRJJP0Sq/rzArrTp8Hf7CqSaxCsoZuC0U=si: loc=NAME: /test/smetters/key len=28, data==0102030405060708090A0B0C0D0E0F1F1B1C1D1E1F2E3C4A5C6D7E0F
Encoding ContentObject - empty content(Text):
Encoded ContentObject - empty content: 
<?xml version='1.0' encoding='UTF-8' standalone='yes' ?>
<ContentObject xmlns:ccn="http://www.parc.com/ccn">
  <Signature>
    <SignatureBits>SAjua4tK7LlH6ovSMFWhuQJHIQErWCgLzg8WU5TOQcqCzC/wB947eDWA2uHJXxQI5SYe0lQuWd2/B8ybRtPn1A==</SignatureBits>
  </Signature>
  <Name>
    <Component>dGVzdA==</Component>
    <Component>c21ldHRlcnM=</Component>
    <Component>dGVzdDIudHh0</Component>
  </Name>
  <SignedInfo>
    <PublisherPublicKeyDigest>r92RT39VlMjRJJP0Sq/rzArrTp8Hf7CqSaxCsoZuC0U=</PublisherPublicKeyDigest>
    <Timestamp>2014-01-15T07:02:08.649902343Z</Timestamp>
    <KeyLocator>
      <KeyName>
        <Name>
          <Component>dGVzdA==</Component>
          <Component>c21ldHRlcnM=</Component>
          <Component>a2V5</Component>
        </Name>
      </KeyName>
    </KeyLocator>
  </SignedInfo>
  <Content></Content>
</ContentObject>
Decoding ContentObject - empty content: 
Decoded ContentObject - empty content: CObj: name=/test/smetters/test2.txt, digest=6a404dcfc71b2eb6dedd8b6cd2b885345287914168343fc889f456d14ef18b39, SI:si: type=DATAsi: timestamp=2014-01-15 15:02:08.649902343si: pub=r92RT39VlMjRJJP0Sq/rzArrTp8Hf7CqSaxCsoZuC0U=si: loc=NAME: /test/smetters/key len=0, data=...
Encoding ContentObject - empty content(Binary):
Encoded ContentObject - empty content: 
����H�k�J�G��0U��G!+X(�S��Aʂ�/��;x5����_�&�T.Yݿ̛F�����test��smetters��test2.txt����ݑOU���$��J���
�N���I�B��nE��-c'
f����test��smetters�key�
Decoding ContentObject - empty content: 
Decoded ContentObject - empty content: CObj: name=/test/smetters/test2.txt, digest=6a404dcfc71b2eb6dedd8b6cd2b885345287914168343fc889f456d14ef18b39, SI:si: type=DATAsi: timestamp=2014-01-15 15:02:08.649902343si: pub=r92RT39VlMjRJJP0Sq/rzArrTp8Hf7CqSaxCsoZuC0U=si: loc=NAME: /test/smetters/key len=0, data=...
Encoding ContentObject - empty content2(Text):
Encoded ContentObject - empty content2: 
<?xml version='1.0' encoding='UTF-8' standalone='yes' ?>
<ContentObject xmlns:ccn="http://www.parc.com/ccn">
  <Signature>
    <SignatureBits>SAjua4tK7LlH6ovSMFWhuQJHIQErWCgLzg8WU5TOQcqCzC/wB947eDWA2uHJXxQI5SYe0lQuWd2/B8ybRtPn1A==</SignatureBits>
  </Signature>
  <Name>
    <Component>dGVzdA==</Component>
    <Component>c21ldHRlcnM=</Component>
    <Component>dGVzdDIudHh0</Component>
  </Name>
  <SignedInfo>
    <PublisherPublicKeyDigest>r92RT39VlMjRJJP0Sq/rzArrTp8Hf7CqSaxCsoZuC0U=</PublisherPublicKeyDigest>
    <Timestamp>2014-01-15T07:02:08.649902343Z</Timestamp>
    <KeyLocator>
      <KeyName>
        <Name>
          <Component>dGVzdA==</Component>
          <Component>c21ldHRlcnM=</Component>
          <Component>a2V5</Component>
        </Name>
      </KeyName>
    </KeyLocator>
  </SignedInfo>
  <Content></Content>
</ContentObject>
Decoding ContentObject - empty content2: 
Decoded ContentObject - empty content2: CObj: name=/test/smetters/test2.txt, digest=6a404dcfc71b2eb6dedd8b6cd2b885345287914168343fc889f456d14ef18b39, SI:si: type=DATAsi: timestamp=2014-01-15 15:02:08.649902343si: pub=r92RT39VlMjRJJP0Sq/rzArrTp8Hf7CqSaxCsoZuC0U=si: loc=NAME: /test/smetters/key len=0, data=...
Encoding ContentObject - empty content2(Binary):
Encoded ContentObject - empty content2: 
����H�k�J�G��0U��G!+X(�S��Aʂ�/��;x5����_�&�T.Yݿ̛F�����test��smetters��test2.txt����ݑOU���$��J���
�N���I�B��nE��-c'
f����test��smetters�key�
Decoding ContentObject - empty content2: 
Decoded ContentObject - empty content2: CObj: name=/test/smetters/test2.txt, digest=6a404dcfc71b2eb6dedd8b6cd2b885345287914168343fc889f456d14ef18b39, SI:si: type=DATAsi: timestamp=2014-01-15 15:02:08.649902343si: pub=r92RT39VlMjRJJP0Sq/rzArrTp8Hf7CqSaxCsoZuC0U=si: loc=NAME: /test/smetters/key len=0, data=...
Created object with content of length 0 digest: 6a404dcfc71b2eb6dedd8b6cd2b885345287914168343fc889f456d14ef18b39
Created another object with content of length 0 digest: 6a404dcfc71b2eb6dedd8b6cd2b885345287914168343fc889f456d14ef18b39
]]></system-out>
  <system-err><![CDATA[]]></system-err>
</testsuite>
