<?xml version="1.0" encoding="UTF-8" ?>
<testsuite errors="0" failures="0" hostname="ice-Founder-PC" name="org.ccnx.ccn.protocol.ComponentTest" tests="7" time="0.231" timestamp="2014-01-15T07:02:06">
  <properties>
[...]
</properties>
  <testcase classname="org.ccnx.ccn.protocol.ComponentTest" name="testParseURI" time="0.007" />
  <testcase classname="org.ccnx.ccn.protocol.ComponentTest" name="testPrintURIByteArrayIntInt_empty" time="0.003" />
  <testcase classname="org.ccnx.ccn.protocol.ComponentTest" name="testPrintURIByteArrayIntInt_null" time="0.003" />
  <testcase classname="org.ccnx.ccn.protocol.ComponentTest" name="testPrintURIByteArrayIntInt_3dots" time="0.003" />
  <testcase classname="org.ccnx.ccn.protocol.ComponentTest" name="testPrintURIByteArrayIntInt_reflective" time="0.005" />
  <testcase classname="org.ccnx.ccn.protocol.ComponentTest" name="testToString" time="0.002" />
  <testcase classname="org.ccnx.ccn.protocol.ComponentTest" name="testHashCode" time="0.174" />
  <system-out><![CDATA[]]></system-out>
  <system-err><![CDATA[]]></system-err>
</testsuite>
